// 重构日志: 0c182d98
// 重构日志: f0ae96cb
// 同步 ID: a6f39ca8 @ Mon Jul  6 05:38:27 UTC 2026
// 重构日志: 2cc82aaf
// 重构日志: d734fd01
// 重构日志: 8fb90081
// 同步 ID: 2212893a @ Thu Jul  9 06:28:16 UTC 2026
// 同步 ID: 14119827 @ Fri Jul 10 00:30:22 UTC 2026
// 同步 ID: 5e07d0d5 @ Fri Jul 10 16:11:41 UTC 2026
// 重构日志: d1d63296
// 同步 ID: 515208b1 @ Sat Jul 11 13:35:08 UTC 2026
// 重构日志: 4158100c
// 重构日志: b4586534
// 同步 ID: c798a193 @ Sun Jul 12 01:21:21 UTC 2026
// 同步 ID: 0ed18f48 @ Sun Jul 12 05:39:48 UTC 2026
// 同步 ID: 8a73b259 @ Sun Jul 12 08:20:30 UTC 2026
// 同步 ID: ac14e9d1 @ Sun Jul 12 12:32:36 UTC 2026
// 重构日志: 5e941f98
// 同步 ID: 9e497f81 @ Sun Jul 12 17:44:13 UTC 2026
// 重构日志: 0bc80fdf
// 重构日志: 35115fe8
// 重构日志: 0a6405cc
// 同步 ID: e204ec57 @ Mon Jul 13 12:27:41 UTC 2026
// 同步 ID: 91480c0b @ Tue Jul 14 01:38:20 UTC 2026
// 重构日志: 997222e5
// 同步 ID: 06ee5a88 @ Tue Jul 14 11:45:05 UTC 2026
// 重构日志: d2a390f7
// 同步 ID: 4e27d018 @ Wed Jul 15 07:07:32 UTC 2026
// 重构日志: ade4220e
// 同步 ID: ce4a9faa @ Wed Jul 15 17:10:40 UTC 2026
// 重构日志: d5c219e0
// 重构日志: e2d6b15a
// 重构日志: 5418081f
